
=INFO REPORT==== 3-Sep-2012::18:12:47 ===
Starting Boss in development mode....

=INFO REPORT==== 3-Sep-2012::18:12:47 ===
Starting master services on 'hello_websocket@jason-lxw'

=INFO REPORT==== 3-Sep-2012::18:12:47 ===
SSL:[]

=INFO REPORT==== 3-Sep-2012::18:12:47 ===
Loading routes from "/home/jason/open-source/hello_websocket/priv/hello_websocket.routes" ....

=INFO REPORT==== 3-Sep-2012::18:15:01 ===
Loading routes from "/home/jason/open-source/hello_websocket/priv/hello_websocket.routes" ....

=INFO REPORT==== 3-Sep-2012::18:15:01 ===
hello_websocket_users_controller:login Username="username" 
 SessionID="09f9fe598db23620b472beb4e792b65b1d4e6217"

=INFO REPORT==== 3-Sep-2012::18:15:01 ===
GET /users/login [hello_websocket] 302 13ms

=INFO REPORT==== 3-Sep-2012::18:15:01 ===
Loading routes from "/home/jason/open-source/hello_websocket/priv/hello_websocket.routes" ....

=INFO REPORT==== 3-Sep-2012::18:15:01 ===
GET /users/home [hello_websocket] 200 16ms

=INFO REPORT==== 3-Sep-2012::18:15:01 ===
boss_misultin_websocket:boss_misultin_websocket:handle_websocket 26 Ws={misultin_ws,
                                                                        <0.459.0>}


=INFO REPORT==== 3-Sep-2012::18:15:04 ===
boss_misultin_websocket:The operator is  Forbidden 
